<?xml version="1.0" encoding="UTF-8"?>
<!-- Generated by org.testng.reporters.JUnitReportReporter -->
<testsuite hostname="DESKTOP-IO6B96G" failures="0" tests="1" name="streamss.Matching" time="0.030" errors="0" timestamp="2024-04-14T18:01:10 IST" skipped="0">
  <testcase classname="streamss.Matching" name="Testing1" time="0.030"/>
</testsuite> <!-- streamss.Matching -->
