<?xml version="1.0" encoding="UTF-8"?>
<!-- Generated by org.testng.reporters.JUnitReportReporter -->
<testsuite hostname="DESKTOP-IO6B96G" failures="0" tests="1" name="lambdaExp.LamdaExpsn" time="0.018" errors="0" timestamp="2024-04-14T08:01:04 IST" skipped="0">
  <testcase classname="lambdaExp.LamdaExpsn" name="test" time="0.018"/>
</testsuite> <!-- lambdaExp.LamdaExpsn -->
