<?xml version="1.0" encoding="UTF-8"?>
<!-- Generated by org.testng.reporters.JUnitReportReporter -->
<testsuite hostname="DESKTOP-IO6B96G" failures="0" tests="1" name="streamss.FilterData" time="0.022" errors="0" timestamp="2024-04-14T15:18:46 IST" skipped="0">
  <testcase classname="streamss.FilterData" name="Testing1" time="0.022"/>
</testsuite> <!-- streamss.FilterData -->
