<?xml version="1.0" encoding="UTF-8"?>
<!-- Generated by org.testng.reporters.JUnitReportReporter -->
<testsuite hostname="DESKTOP-IO6B96G" failures="0" tests="1" name="streamss.FlatMapConcept" time="0.043" errors="0" timestamp="2024-04-14T16:17:06 IST" skipped="0">
  <testcase classname="streamss.FlatMapConcept" name="Testing1" time="0.043"/>
</testsuite> <!-- streamss.FlatMapConcept -->
