<?xml version="1.0" encoding="UTF-8"?>
<!-- Generated by org.testng.reporters.JUnitReportReporter -->
<testsuite hostname="DESKTOP-IO6B96G" failures="0" tests="1" name="predicate.PredicateTest" time="0.018" errors="0" timestamp="2024-04-14T08:51:43 IST" skipped="0">
  <testcase classname="predicate.PredicateTest" name="result" time="0.018"/>
</testsuite> <!-- predicate.PredicateTest -->
