<?xml version="1.0" encoding="UTF-8"?>
<!-- Generated by org.testng.reporters.JUnitReportReporter -->
<testsuite hostname="DESKTOP-IO6B96G" failures="0" tests="1" name="streamss.MapsConcept" time="0.019" errors="0" timestamp="2024-04-14T15:37:16 IST" skipped="0">
  <testcase classname="streamss.MapsConcept" name="Testing1" time="0.019"/>
</testsuite> <!-- streamss.MapsConcept -->
